simpleDemo/build/intermediates/manifest_merge_blame_file/release/processReleaseMainManifest/manifest-merger-blame-release-report.txt
1<?xml version="1.0" encoding="utf-8"?>
2<manifest xmlns:android="http://schemas.android.com/apk/res/android"
3    package="com.mesapp.test1"
4    android:versionCode="1"
5    android:versionName="1.0" >
6
7    <uses-sdk
8        android:minSdkVersion="21"
9        android:targetSdkVersion="33" />
10
11    <supports-screens
11-->[lib.5plus.base-release.aar] AndroidManifest.xml:7:5-12:39
12        android:anyDensity="true"
12-->[lib.5plus.base-release.aar] AndroidManifest.xml:8:9-34
13        android:largeScreens="true"
13-->[lib.5plus.base-release.aar] AndroidManifest.xml:9:9-36
14        android:normalScreens="true"
14-->[lib.5plus.base-release.aar] AndroidManifest.xml:10:9-37
15        android:resizeable="true"
15-->[lib.5plus.base-release.aar] AndroidManifest.xml:11:9-34
16        android:smallScreens="true" />
16-->[lib.5plus.base-release.aar] AndroidManifest.xml:12:9-36
17
18    <uses-permission android:name="android.permission.WRITE_EXTERNAL_STORAGE" /> <!-- 适配android 13 图片选择权限 -->
18-->[lib.5plus.base-release.aar] AndroidManifest.xml:14:5-81
18-->[lib.5plus.base-release.aar] AndroidManifest.xml:14:22-78
19    <uses-permission android:name="android.permission.READ_MEDIA_IMAGES" />
19-->[lib.5plus.base-release.aar] AndroidManifest.xml:17:5-76
19-->[lib.5plus.base-release.aar] AndroidManifest.xml:17:22-73
20    <uses-permission android:name="android.permission.READ_MEDIA_VIDEO" />
20-->[lib.5plus.base-release.aar] AndroidManifest.xml:18:5-75
20-->[lib.5plus.base-release.aar] AndroidManifest.xml:18:22-72
21    <uses-permission android:name="android.permission.READ_MEDIA_VISUAL_USER_SELECTED" />
21-->[lib.5plus.base-release.aar] AndroidManifest.xml:19:5-90
21-->[lib.5plus.base-release.aar] AndroidManifest.xml:19:22-87
22    <uses-permission android:name="android.permission.INTERNET" />
22-->[lib.5plus.base-release.aar] AndroidManifest.xml:20:5-67
22-->[lib.5plus.base-release.aar] AndroidManifest.xml:20:22-64
23    <uses-permission android:name="android.permission.ACCESS_NETWORK_STATE" />
23-->[lib.5plus.base-release.aar] AndroidManifest.xml:21:5-79
23-->[lib.5plus.base-release.aar] AndroidManifest.xml:21:22-76
24    <!--
25    <uses-permission
26        android:name="com.android.launcher.permission.UNINSTALL_SHORTCUT" />
27    -->
28    <!-- 华为修改角标需要设置权限 -->
29    <uses-permission android:name="com.huawei.android.launcher.permission.CHANGE_BADGE" /> <!-- vivo 修改角标需要设置权限 -->
29-->[lib.5plus.base-release.aar] AndroidManifest.xml:27:5-91
29-->[lib.5plus.base-release.aar] AndroidManifest.xml:27:22-88
30    <uses-permission android:name="com.vivo.notification.permission.BADGE_ICON" />
30-->[lib.5plus.base-release.aar] AndroidManifest.xml:29:5-83
30-->[lib.5plus.base-release.aar] AndroidManifest.xml:29:22-80
31
32    <queries>
32-->[lib.5plus.base-release.aar] AndroidManifest.xml:31:5-40:15
33        <intent>
33-->[lib.5plus.base-release.aar] AndroidManifest.xml:32:9-34:18
34            <action android:name="android.intent.action.MAIN" />
34-->src\main\AndroidManifest.xml:23:17-69
34-->src\main\AndroidManifest.xml:23:25-66
35        </intent>
36        <intent>
36-->[lib.5plus.base-release.aar] AndroidManifest.xml:35:9-39:18
37            <action android:name="android.intent.action.VIEW" />
37-->src\main\AndroidManifest.xml:29:17-69
37-->src\main\AndroidManifest.xml:29:25-66
38
39            <category android:name="android.intent.category.DEFAULT" />
39-->src\main\AndroidManifest.xml:27:17-76
39-->src\main\AndroidManifest.xml:27:27-73
40        </intent>
41    </queries>
42
43    <uses-permission android:name="android.permission.READ_EXTERNAL_STORAGE" />
44    <uses-permission android:name="com.asus.msa.SupplementaryDID.ACCESS" />
44-->[oaid_sdk_1.0.25.aar] AndroidManifest.xml:13:5-76
44-->[oaid_sdk_1.0.25.aar] AndroidManifest.xml:13:22-73
45    <uses-permission android:name="freemme.permission.msa" />
45-->[oaid_sdk_1.0.25.aar] AndroidManifest.xml:15:5-62
45-->[oaid_sdk_1.0.25.aar] AndroidManifest.xml:15:22-59
46
47    <application
47-->src\main\AndroidManifest.xml:4:5-46:19
48        android:name="io.dcloud.application.DCloudApplication"
48-->[lib.5plus.base-release.aar] AndroidManifest.xml:173:9-63
49        android:allowBackup="true"
49-->src\main\AndroidManifest.xml:5:9-35
50        android:allowClearUserData="true"
50-->src\main\AndroidManifest.xml:6:9-42
51        android:appComponentFactory="androidx.core.app.CoreComponentFactory"
51-->[androidx.core:core:1.1.0] AndroidManifest.xml:24:18-86
52        android:enableOnBackInvokedCallback="false"
52-->[lib.5plus.base-release.aar] AndroidManifest.xml:174:9-52
53        android:extractNativeLibs="true"
53-->src\main\AndroidManifest.xml:10:9-41
54        android:icon="@drawable/icon"
54-->src\main\AndroidManifest.xml:7:9-38
55        android:label="@string/app_name"
55-->src\main\AndroidManifest.xml:8:9-41
56        android:largeHeap="true"
56-->src\main\AndroidManifest.xml:9:9-33
57        android:supportsRtl="true"
57-->src\main\AndroidManifest.xml:11:9-35
58        android:usesCleartextTraffic="true" >
58-->[lib.5plus.base-release.aar] AndroidManifest.xml:176:9-44
59        <activity
59-->src\main\AndroidManifest.xml:12:9-32:20
60            android:name="io.dcloud.PandoraEntry"
60-->src\main\AndroidManifest.xml:13:13-50
61            android:configChanges="orientation|keyboardHidden|keyboard|navigation"
61-->src\main\AndroidManifest.xml:14:13-83
62            android:exported="true"
62-->src\main\AndroidManifest.xml:20:13-36
63            android:hardwareAccelerated="true"
63-->src\main\AndroidManifest.xml:17:13-47
64            android:label="@string/app_name"
64-->src\main\AndroidManifest.xml:15:13-45
65            android:launchMode="singleTask"
65-->src\main\AndroidManifest.xml:16:13-44
66            android:screenOrientation="user"
66-->src\main\AndroidManifest.xml:19:13-45
67            android:theme="@style/TranslucentTheme"
67-->src\main\AndroidManifest.xml:18:13-52
68            android:windowSoftInputMode="adjustResize" >
68-->src\main\AndroidManifest.xml:21:13-55
69            <intent-filter>
69-->src\main\AndroidManifest.xml:22:13-25:29
70                <action android:name="android.intent.action.MAIN" />
70-->src\main\AndroidManifest.xml:23:17-69
70-->src\main\AndroidManifest.xml:23:25-66
71
72                <category android:name="android.intent.category.LAUNCHER" />
72-->src\main\AndroidManifest.xml:24:17-77
72-->src\main\AndroidManifest.xml:24:27-74
73            </intent-filter>
74            <intent-filter>
74-->src\main\AndroidManifest.xml:26:13-31:29
75                <category android:name="android.intent.category.DEFAULT" />
75-->src\main\AndroidManifest.xml:27:17-76
75-->src\main\AndroidManifest.xml:27:27-73
76                <category android:name="android.intent.category.BROWSABLE" />
76-->src\main\AndroidManifest.xml:28:17-78
76-->src\main\AndroidManifest.xml:28:27-75
77
78                <action android:name="android.intent.action.VIEW" />
78-->src\main\AndroidManifest.xml:29:17-69
78-->src\main\AndroidManifest.xml:29:25-66
79
80                <data
80-->src\main\AndroidManifest.xml:30:17-79
81                    android:host="www.example.com"
81-->src\main\AndroidManifest.xml:30:46-76
82                    android:scheme="https" />
82-->src\main\AndroidManifest.xml:30:23-45
83            </intent-filter>
84        </activity>
85        <activity
85-->src\main\AndroidManifest.xml:33:9-42:20
86            android:name="io.dcloud.PandoraEntryActivity"
86-->src\main\AndroidManifest.xml:34:13-58
87            android:configChanges="orientation|keyboardHidden|screenSize|mcc|mnc|fontScale|keyboard|smallestScreenSize|screenLayout|screenSize|uiMode"
87-->src\main\AndroidManifest.xml:36:13-151
88            android:hardwareAccelerated="true"
88-->src\main\AndroidManifest.xml:37:13-47
89            android:launchMode="singleTask"
89-->src\main\AndroidManifest.xml:35:13-44
90            android:permission="com.miui.securitycenter.permission.AppPermissionsEditor"
90-->src\main\AndroidManifest.xml:38:13-89
91            android:screenOrientation="user"
91-->src\main\AndroidManifest.xml:39:13-45
92            android:theme="@style/DCloudTheme"
92-->src\main\AndroidManifest.xml:40:13-47
93            android:windowSoftInputMode="adjustResize" >
93-->src\main\AndroidManifest.xml:41:13-55
94        </activity>
95
96        <meta-data
96-->src\main\AndroidManifest.xml:43:9-45:64
97            android:name="dcloud_appkey"
97-->src\main\AndroidManifest.xml:44:13-41
98            android:value="7d39e094f3735218d37a405bf98d494b" />
98-->src\main\AndroidManifest.xml:45:13-61
99        <!--
100        <activity
101            android:name="io.dcloud.imagepick.CustomGalleryActivity"
102            android:noHistory="true"
103            android:exported="false"/>
104        -->
105        <activity
105-->[lib.5plus.base-release.aar] AndroidManifest.xml:185:9-191:56
106            android:name="io.dcloud.feature.nativeObj.photoview.PhotoActivity"
106-->[lib.5plus.base-release.aar] AndroidManifest.xml:186:13-79
107            android:configChanges="orientation|keyboardHidden"
107-->[lib.5plus.base-release.aar] AndroidManifest.xml:187:13-63
108            android:exported="false"
108-->[lib.5plus.base-release.aar] AndroidManifest.xml:188:13-37
109            android:noHistory="false"
109-->[lib.5plus.base-release.aar] AndroidManifest.xml:189:13-38
110            android:screenOrientation="behind"
110-->[lib.5plus.base-release.aar] AndroidManifest.xml:190:13-47
111            android:theme="@style/DCloudTheme.Light" />
111-->[lib.5plus.base-release.aar] AndroidManifest.xml:191:13-53
112        <activity
112-->[lib.5plus.base-release.aar] AndroidManifest.xml:192:9-201:58
113            android:name="io.dcloud.WebAppActivity"
113-->[lib.5plus.base-release.aar] AndroidManifest.xml:193:13-52
114            android:configChanges="orientation|keyboard|keyboardHidden|smallestScreenSize|screenLayout|screenSize|mcc|mnc|fontScale|navigation"
114-->[lib.5plus.base-release.aar] AndroidManifest.xml:194:13-144
115            android:hardwareAccelerated="true"
115-->[lib.5plus.base-release.aar] AndroidManifest.xml:195:13-47
116            android:icon="@drawable/dcloud_recent"
116-->[lib.5plus.base-release.aar] AndroidManifest.xml:196:13-51
117            android:label="@string/stream_my"
117-->[lib.5plus.base-release.aar] AndroidManifest.xml:197:13-46
118            android:launchMode="singleTask"
118-->[lib.5plus.base-release.aar] AndroidManifest.xml:198:13-44
119            android:screenOrientation="portrait"
119-->[lib.5plus.base-release.aar] AndroidManifest.xml:199:13-49
120            android:theme="@style/DCloudTheme"
120-->[lib.5plus.base-release.aar] AndroidManifest.xml:200:13-47
121            android:windowSoftInputMode="adjustResize" />
121-->[lib.5plus.base-release.aar] AndroidManifest.xml:201:13-55
122        <activity
122-->[lib.5plus.base-release.aar] AndroidManifest.xml:202:9-206:75
123            android:name="io.dcloud.ProcessMediator"
123-->[lib.5plus.base-release.aar] AndroidManifest.xml:203:13-53
124            android:excludeFromRecents="true"
124-->[lib.5plus.base-release.aar] AndroidManifest.xml:204:13-46
125            android:exported="false"
125-->[lib.5plus.base-release.aar] AndroidManifest.xml:205:13-37
126            android:theme="@android:style/Theme.Translucent.NoTitleBar" />
126-->[lib.5plus.base-release.aar] AndroidManifest.xml:206:13-72
127        <activity
127-->[lib.5plus.base-release.aar] AndroidManifest.xml:207:9-213:20
128            android:name="io.dcloud.WebviewActivity"
128-->[lib.5plus.base-release.aar] AndroidManifest.xml:208:13-53
129            android:exported="false"
129-->[lib.5plus.base-release.aar] AndroidManifest.xml:209:13-37
130            android:screenOrientation="portrait"
130-->[lib.5plus.base-release.aar] AndroidManifest.xml:210:13-49
131            android:theme="@style/AppCompat.ThemeNoTitleBar"
131-->[lib.5plus.base-release.aar] AndroidManifest.xml:211:13-61
132            android:windowSoftInputMode="adjustPan" >
132-->[lib.5plus.base-release.aar] AndroidManifest.xml:212:13-52
133        </activity> <!-- gallery******start -->
134        <activity
134-->[lib.5plus.base-release.aar] AndroidManifest.xml:216:9-221:63
135            android:name="com.dmcbig.mediapicker.PickerActivity"
135-->[lib.5plus.base-release.aar] AndroidManifest.xml:217:13-65
136            android:configChanges="orientation|screenSize"
136-->[lib.5plus.base-release.aar] AndroidManifest.xml:218:13-59
137            android:exported="false"
137-->[lib.5plus.base-release.aar] AndroidManifest.xml:219:13-37
138            android:theme="@style/DeviceDefault.Light"
138-->[lib.5plus.base-release.aar] AndroidManifest.xml:220:13-55
139            android:windowSoftInputMode="stateAlwaysHidden" />
139-->[lib.5plus.base-release.aar] AndroidManifest.xml:221:13-60
140        <activity
140-->[lib.5plus.base-release.aar] AndroidManifest.xml:222:9-227:63
141            android:name="com.dmcbig.mediapicker.PreviewActivity"
141-->[lib.5plus.base-release.aar] AndroidManifest.xml:223:13-66
142            android:configChanges="orientation|screenSize"
142-->[lib.5plus.base-release.aar] AndroidManifest.xml:224:13-59
143            android:exported="false"
143-->[lib.5plus.base-release.aar] AndroidManifest.xml:225:13-37
144            android:theme="@style/DeviceDefault.Light"
144-->[lib.5plus.base-release.aar] AndroidManifest.xml:226:13-55
145            android:windowSoftInputMode="stateAlwaysHidden" /> <!-- gallery******end -->
145-->[lib.5plus.base-release.aar] AndroidManifest.xml:227:13-60
146        <provider
146-->[lib.5plus.base-release.aar] AndroidManifest.xml:230:9-238:20
147            android:name="io.dcloud.common.util.DCloud_FileProvider"
147-->[lib.5plus.base-release.aar] AndroidManifest.xml:231:13-69
148            android:authorities="com.mesapp.test1.dc.fileprovider"
148-->[lib.5plus.base-release.aar] AndroidManifest.xml:232:13-67
149            android:exported="false"
149-->[lib.5plus.base-release.aar] AndroidManifest.xml:233:13-37
150            android:grantUriPermissions="true" >
150-->[lib.5plus.base-release.aar] AndroidManifest.xml:234:13-47
151            <meta-data
151-->[lib.5plus.base-release.aar] AndroidManifest.xml:235:13-237:64
152                android:name="android.support.FILE_PROVIDER_PATHS"
152-->[lib.5plus.base-release.aar] AndroidManifest.xml:236:17-67
153                android:resource="@xml/dcloud_file_provider" />
153-->[lib.5plus.base-release.aar] AndroidManifest.xml:237:17-61
154        </provider>
155        <!--
156            <meta-data
157            android:name="DCLOUD_STREAMAPP_CHANNEL"
158            android:value="io.dcloud.%APPID%|%APPID%|" />
159        -->
160        <meta-data
160-->[lib.5plus.base-release.aar] AndroidManifest.xml:245:9-247:35
161            android:name="android.max_aspect"
161-->[lib.5plus.base-release.aar] AndroidManifest.xml:246:13-46
162            android:value="2.4" />
162-->[lib.5plus.base-release.aar] AndroidManifest.xml:247:13-32
163
164        <activity
164-->[lib.5plus.base-release.aar] AndroidManifest.xml:249:9-254:63
165            android:name="io.dcloud.feature.gallery.imageedit.IMGEditActivity"
165-->[lib.5plus.base-release.aar] AndroidManifest.xml:250:13-79
166            android:configChanges="orientation|keyboardHidden|screenSize"
166-->[lib.5plus.base-release.aar] AndroidManifest.xml:251:13-74
167            android:exported="false"
167-->[lib.5plus.base-release.aar] AndroidManifest.xml:252:13-37
168            android:theme="@style/ImageEditTheme"
168-->[lib.5plus.base-release.aar] AndroidManifest.xml:253:13-50
169            android:windowSoftInputMode="stateAlwaysHidden" /> <!-- 广告相关配置开始 -->
169-->[lib.5plus.base-release.aar] AndroidManifest.xml:254:13-60
170        <activity
170-->[lib.5plus.base-release.aar] AndroidManifest.xml:257:9-262:55
171            android:name="io.dcloud.sdk.activity.WebViewActivity"
171-->[lib.5plus.base-release.aar] AndroidManifest.xml:258:13-66
172            android:exported="false"
172-->[lib.5plus.base-release.aar] AndroidManifest.xml:259:13-37
173            android:screenOrientation="portrait"
173-->[lib.5plus.base-release.aar] AndroidManifest.xml:260:13-49
174            android:theme="@style/ThemeNoTitleBar"
174-->[lib.5plus.base-release.aar] AndroidManifest.xml:261:13-51
175            android:windowSoftInputMode="adjustPan" />
175-->[lib.5plus.base-release.aar] AndroidManifest.xml:262:13-52
176
177        <service
177-->[lib.5plus.base-release.aar] AndroidManifest.xml:264:9-267:72
178            android:name="io.dcloud.sdk.base.service.DownloadService"
178-->[lib.5plus.base-release.aar] AndroidManifest.xml:265:13-70
179            android:exported="false"
179-->[lib.5plus.base-release.aar] AndroidManifest.xml:266:13-37
180            android:permission="android.permission.BIND_JOB_SERVICE" />
180-->[lib.5plus.base-release.aar] AndroidManifest.xml:267:13-69
181
182        <provider
182-->[lib.5plus.base-release.aar] AndroidManifest.xml:269:9-277:20
183            android:name="io.dcloud.sdk.base.service.provider.DCloudAdFileProvider"
183-->[lib.5plus.base-release.aar] AndroidManifest.xml:270:13-84
184            android:authorities="com.mesapp.test1.dc.fileprovider"
184-->[lib.5plus.base-release.aar] AndroidManifest.xml:271:13-67
185            android:exported="false"
185-->[lib.5plus.base-release.aar] AndroidManifest.xml:272:13-37
186            android:grantUriPermissions="true" >
186-->[lib.5plus.base-release.aar] AndroidManifest.xml:273:13-47
187            <meta-data
187-->[lib.5plus.base-release.aar] AndroidManifest.xml:235:13-237:64
188                android:name="android.support.FILE_PROVIDER_PATHS"
188-->[lib.5plus.base-release.aar] AndroidManifest.xml:236:17-67
189                android:resource="@xml/dcloud_gg_file_provider" />
189-->[lib.5plus.base-release.aar] AndroidManifest.xml:237:17-61
190        </provider>
191
192        <receiver
192-->[uniapp-v8-release.aar] AndroidManifest.xml:28:9-32:20
193            android:name="com.taobao.weex.WXGlobalEventReceiver"
193-->[uniapp-v8-release.aar] AndroidManifest.xml:29:13-65
194            android:enabled="true"
194-->[uniapp-v8-release.aar] AndroidManifest.xml:30:13-35
195            android:exported="false" >
195-->[uniapp-v8-release.aar] AndroidManifest.xml:31:13-37
196        </receiver>
197    </application>
198
199</manifest>